<?xml version="1.0" encoding="utf-8"?><testsuites name="pytest tests"><testsuite name="pytest" errors="0" failures="0" skipped="1" tests="6" time="3.521" timestamp="2026-04-22T13:52:54.036406+00:00" hostname="agent-env-8d53f5c5-0592-44b4-be3c-c825d32f6860"><testcase classname="backend.tests.test_finished_product_cost_recalc.TestAuthRegression" name="test_login_success" time="0.521" /><testcase classname="backend.tests.test_finished_product_cost_recalc.TestBatchEditCascade" name="test_batch_edit_recomputes_finished_products" time="1.142" /><testcase classname="backend.tests.test_finished_product_cost_recalc.TestRateUpdateCascadesToFinishedProducts" name="test_smp_rate_change_cascades_to_paneer_finished_products" time="0.987"><skipped type="pytest.skip" message="No latest-rate window covers the Paneer batch date (2026-03-30); direct rate-cascade-to-FP cannot be exercised via API. Verified non-disturbance instead. Cascade logic itself is verified by TestBatchEditCascade.">/app/backend/tests/test_finished_product_cost_recalc.py:303: No latest-rate window covers the Paneer batch date (2026-03-30); direct rate-cascade-to-FP cannot be exercised via API. Verified non-disturbance instead. Cascade logic itself is verified by TestBatchEditCascade.</skipped></testcase><testcase classname="backend.tests.test_finished_product_cost_recalc.TestRateCreateBoundary" name="test_create_future_rate_does_not_change_past_finished_products" time="0.574" /><testcase classname="backend.tests.test_finished_product_cost_recalc.TestListingRegression" name="test_get_batches_paginated" time="0.106" /><testcase classname="backend.tests.test_finished_product_cost_recalc.TestListingRegression" name="test_get_finished_products" time="0.118" /></testsuite></testsuites>