<?xml version="1.0" encoding="utf-8"?><testsuites name="pytest tests"><testsuite name="pytest" errors="0" failures="0" skipped="0" tests="12" time="9.074" timestamp="2026-03-27T07:16:15.680881+00:00" hostname="agent-env-5947d2b2-2daf-4b7a-8e82-9ce84faa3840"><testcase classname="backend.tests.test_edit_features.TestEditFeatures" name="test_put_receive_endpoint_exists" time="0.841" /><testcase classname="backend.tests.test_edit_features.TestEditFeatures" name="test_put_receive_updates_stock" time="0.894" /><testcase classname="backend.tests.test_edit_features.TestEditFeatures" name="test_put_receive_validates_sku" time="0.762" /><testcase classname="backend.tests.test_edit_features.TestEditFeatures" name="test_put_repack_endpoint_exists" time="0.773" /><testcase classname="backend.tests.test_edit_features.TestEditFeatures" name="test_put_repack_adjusts_stock" time="0.887" /><testcase classname="backend.tests.test_edit_features.TestEditFeatures" name="test_put_repack_validates_stock" time="0.701" /><testcase classname="backend.tests.test_edit_features.TestEditFeatures" name="test_put_wastage_endpoint_exists" time="0.681" /><testcase classname="backend.tests.test_edit_features.TestEditFeatures" name="test_put_wastage_adjusts_stock" time="0.972" /><testcase classname="backend.tests.test_edit_features.TestEditFeatures" name="test_put_wastage_validates_stock" time="0.763" /><testcase classname="backend.tests.test_edit_features.TestEditFeatures" name="test_get_existing_receives" time="0.594" /><testcase classname="backend.tests.test_edit_features.TestEditFeatures" name="test_get_existing_repacks" time="0.558" /><testcase classname="backend.tests.test_edit_features.TestEditFeatures" name="test_get_existing_wastages" time="0.578" /></testsuite></testsuites>