<?xml version="1.0" encoding="utf-8"?><testsuites name="pytest tests"><testsuite name="pytest" errors="0" failures="0" skipped="0" tests="17" time="2.755" timestamp="2026-03-23T13:50:11.631634+00:00" hostname="agent-env-62dfb9b0-85a5-49eb-9b8d-af272a5a7277"><testcase classname="backend.tests.test_ledger_reports.TestSemiFinishedLedger" name="test_get_semi_finished_ledger_returns_data" time="0.525" /><testcase classname="backend.tests.test_ledger_reports.TestSemiFinishedLedger" name="test_semi_finished_ledger_transaction_structure" time="0.163" /><testcase classname="backend.tests.test_ledger_reports.TestSemiFinishedLedger" name="test_semi_finished_ledger_transaction_types" time="0.125" /><testcase classname="backend.tests.test_ledger_reports.TestSemiFinishedLedger" name="test_semi_finished_ledger_date_filter" time="0.158" /><testcase classname="backend.tests.test_ledger_reports.TestSemiFinishedLedger" name="test_semi_finished_ledger_opening_stock_calculation" time="0.159" /><testcase classname="backend.tests.test_ledger_reports.TestFinishedLedger" name="test_get_finished_ledger_returns_data" time="0.111" /><testcase classname="backend.tests.test_ledger_reports.TestFinishedLedger" name="test_finished_ledger_transaction_types" time="0.111" /><testcase classname="backend.tests.test_ledger_reports.TestFinishedLedger" name="test_finished_ledger_date_filter" time="0.111" /><testcase classname="backend.tests.test_ledger_reports.TestRawMaterialLedger" name="test_get_raw_material_ledger_returns_data" time="0.107" /><testcase classname="backend.tests.test_ledger_reports.TestRawMaterialLedger" name="test_raw_material_ledger_transaction_types" time="0.101" /><testcase classname="backend.tests.test_ledger_reports.TestRawMaterialLedger" name="test_raw_material_ledger_date_filter" time="0.168" /><testcase classname="backend.tests.test_ledger_reports.TestRawMaterialLedger" name="test_raw_material_ledger_material_filter" time="0.113" /><testcase classname="backend.tests.test_ledger_reports.TestLedgerCalculations" name="test_closing_stock_equals_opening_plus_in_minus_out" time="0.209" /><testcase classname="backend.tests.test_ledger_reports.TestLedgerCalculations" name="test_running_balance_accuracy" time="0.109" /><testcase classname="backend.tests.test_ledger_reports.TestPackingAndDispatchIntegration" name="test_packing_history_by_product" time="0.153" /><testcase classname="backend.tests.test_ledger_reports.TestPackingAndDispatchIntegration" name="test_finished_products_summary" time="0.095" /><testcase classname="backend.tests.test_ledger_reports.TestPackingAndDispatchIntegration" name="test_semi_finished_summary" time="0.142" /></testsuite></testsuites>