<?xml version="1.0" encoding="utf-8"?><testsuites name="pytest tests"><testsuite name="pytest" errors="0" failures="0" skipped="0" tests="26" time="6.292" timestamp="2026-03-23T13:05:59.408039+00:00" hostname="agent-env-62dfb9b0-85a5-49eb-9b8d-af272a5a7277"><testcase classname="backend.tests.test_dairy_api.TestAuth" name="test_login_success" time="0.483" /><testcase classname="backend.tests.test_dairy_api.TestAuth" name="test_login_invalid_credentials" time="0.215" /><testcase classname="backend.tests.test_dairy_api.TestRawMaterialMaster" name="test_create_raw_material" time="0.451" /><testcase classname="backend.tests.test_dairy_api.TestRawMaterialMaster" name="test_list_raw_materials" time="0.109" /><testcase classname="backend.tests.test_dairy_api.TestRawMaterialMaster" name="test_create_raw_material_rate" time="0.250" /><testcase classname="backend.tests.test_dairy_api.TestRawMaterialMaster" name="test_get_rate_by_date" time="0.210" /><testcase classname="backend.tests.test_dairy_api.TestFinishedProductMaster" name="test_create_finished_product" time="0.302" /><testcase classname="backend.tests.test_dairy_api.TestFinishedProductMaster" name="test_list_finished_products" time="0.100" /><testcase classname="backend.tests.test_dairy_api.TestFinishedProductMaster" name="test_update_finished_product" time="0.338" /><testcase classname="backend.tests.test_dairy_api.TestSemiFinishedMaster" name="test_create_semi_finished_master" time="0.403" /><testcase classname="backend.tests.test_dairy_api.TestSemiFinishedMaster" name="test_list_semi_finished_masters" time="0.136" /><testcase classname="backend.tests.test_dairy_api.TestSemiFinishedMaster" name="test_update_semi_finished_master" time="0.309" /><testcase classname="backend.tests.test_dairy_api.TestBatchEntry" name="test_create_batch" time="0.429" /><testcase classname="backend.tests.test_dairy_api.TestBatchEntry" name="test_list_batches" time="0.121" /><testcase classname="backend.tests.test_dairy_api.TestBatchEntry" name="test_get_batch_by_id" time="0.204" /><testcase classname="backend.tests.test_dairy_api.TestRawMaterialStock" name="test_create_stock_entry" time="0.315" /><testcase classname="backend.tests.test_dairy_api.TestRawMaterialStock" name="test_list_stock_entries" time="0.097" /><testcase classname="backend.tests.test_dairy_api.TestRawMaterialStock" name="test_stock_report_with_filters" time="0.100" /><testcase classname="backend.tests.test_dairy_api.TestSemiFinishedProducts" name="test_list_semi_finished_products" time="0.098" /><testcase classname="backend.tests.test_dairy_api.TestSemiFinishedProducts" name="test_semi_finished_with_date_filter" time="0.122" /><testcase classname="backend.tests.test_dairy_api.TestPacking" name="test_list_finished_products" time="0.118" /><testcase classname="backend.tests.test_dairy_api.TestPacking" name="test_packing_history" time="0.225" /><testcase classname="backend.tests.test_dairy_api.TestDispatch" name="test_list_dispatches" time="0.105" /><testcase classname="backend.tests.test_dairy_api.TestDashboard" name="test_dashboard_stats" time="0.100" /><testcase classname="backend.tests.test_dairy_api.TestUserManagement" name="test_list_users" time="0.136" /><testcase classname="backend.tests.test_dairy_api.TestCleanup" name="test_cleanup_test_data" time="0.685" /></testsuite></testsuites>