<?xml version="1.0" encoding="utf-8"?><testsuites name="pytest tests"><testsuite name="pytest" errors="0" failures="0" skipped="0" tests="8" time="1.845" timestamp="2026-03-25T02:26:56.459959+00:00" hostname="agent-env-e0d8a113-6fc6-43c5-9379-bc69fb95fd1c"><testcase classname="backend.tests.test_batch_packing_features.TestBatchesForPackingEndpoint" name="test_batches_for_packing_returns_batches_with_stock" time="0.612" /><testcase classname="backend.tests.test_batch_packing_features.TestBatchesForPackingEndpoint" name="test_batches_for_packing_nonexistent_product" time="0.057" /><testcase classname="backend.tests.test_batch_packing_features.TestPackingByProductWithBatchSelection" name="test_packing_with_batch_selection" time="0.264" /><testcase classname="backend.tests.test_batch_packing_features.TestPackingWithAdditionalMaterials" name="test_packing_with_additional_materials_cost_calculation" time="0.235" /><testcase classname="backend.tests.test_batch_packing_features.TestDeletePackingRestoresStock" name="test_delete_packing_restores_semi_finished_stock" time="0.302" /><testcase classname="backend.tests.test_batch_packing_features.TestPackingHistoryWithCostBreakdown" name="test_packing_history_contains_cost_fields" time="0.061" /><testcase classname="backend.tests.test_batch_packing_features.TestFinishedProductResponseFields" name="test_finished_product_has_cost_fields" time="0.059" /><testcase classname="backend.tests.test_batch_packing_features.TestInsufficientStockError" name="test_packing_insufficient_stock_error" time="0.120" /></testsuite></testsuites>