<?xml version="1.0" encoding="utf-8"?><testsuites name="pytest tests"><testsuite name="pytest" errors="0" failures="0" skipped="1" tests="15" time="2.987" timestamp="2026-03-23T13:18:37.302660+00:00" hostname="agent-env-62dfb9b0-85a5-49eb-9b8d-af272a5a7277"><testcase classname="backend.tests.test_aggregated_stock.TestLogin" name="test_login_with_admin_credentials" time="0.391" /><testcase classname="backend.tests.test_aggregated_stock.TestFinishedProductsSummary" name="test_get_finished_products_summary" time="0.491" /><testcase classname="backend.tests.test_aggregated_stock.TestSemiFinishedSummary" name="test_get_semi_finished_summary" time="0.114" /><testcase classname="backend.tests.test_aggregated_stock.TestProductStockReport" name="test_get_product_stock_report" time="0.133" /><testcase classname="backend.tests.test_aggregated_stock.TestDashboardStats" name="test_dashboard_stats_aggregated" time="0.105" /><testcase classname="backend.tests.test_aggregated_stock.TestDispatchWithSKU" name="test_dispatch_accepts_sku_format" time="0.235" /><testcase classname="backend.tests.test_aggregated_stock.TestPackingByProduct" name="test_packing_by_product_endpoint_exists" time="0.313"><skipped type="pytest.skip" message="No SKU mappings found for Paneer Block">/app/backend/tests/test_aggregated_stock.py:254: No SKU mappings found for Paneer Block</skipped></testcase><testcase classname="backend.tests.test_aggregated_stock.TestPackingHistoryByProduct" name="test_packing_history_by_product" time="0.285" /><testcase classname="backend.tests.test_aggregated_stock.TestRawMaterialStockCRUD" name="test_list_raw_material_stock" time="0.099" /><testcase classname="backend.tests.test_aggregated_stock.TestRawMaterialStockCRUD" name="test_raw_material_stock_report" time="0.119" /><testcase classname="backend.tests.test_aggregated_stock.TestNavigationEndpoints" name="test_batches_endpoint" time="0.127" /><testcase classname="backend.tests.test_aggregated_stock.TestNavigationEndpoints" name="test_semi_finished_endpoint" time="0.118" /><testcase classname="backend.tests.test_aggregated_stock.TestNavigationEndpoints" name="test_finished_products_endpoint" time="0.135" /><testcase classname="backend.tests.test_aggregated_stock.TestNavigationEndpoints" name="test_dispatch_endpoint" time="0.106" /><testcase classname="backend.tests.test_aggregated_stock.TestNavigationEndpoints" name="test_users_endpoint" time="0.111" /></testsuite></testsuites>