<?xml version="1.0" encoding="utf-8"?><testsuites name="pytest tests"><testsuite name="pytest" errors="0" failures="0" skipped="0" tests="12" time="8.701" timestamp="2026-03-28T10:31:22.181031+00:00" hostname="agent-env-040badaa-5b8e-4fb1-b9dd-1df64daac901"><testcase classname="backend.tests.test_manual_consumption.TestManualConsumptionPacking" name="test_dahi_lassi_manual_consumption_mapping" time="0.473" /><testcase classname="backend.tests.test_manual_consumption.TestManualConsumptionPacking" name="test_paneer_fixed_ratio_mapping" time="0.454" /><testcase classname="backend.tests.test_manual_consumption.TestManualConsumptionPacking" name="test_manual_consumption_packing_requires_semi_finished_consumed" time="0.418" /><testcase classname="backend.tests.test_manual_consumption.TestManualConsumptionPacking" name="test_manual_consumption_packing_with_semi_finished_consumed" time="0.755" /><testcase classname="backend.tests.test_manual_consumption.TestManualConsumptionPacking" name="test_semi_finished_ledger_shows_manual_consumption" time="0.433" /><testcase classname="backend.tests.test_manual_consumption.TestManualConsumptionPacking" name="test_existing_dahi_stock_calculation" time="0.431" /><testcase classname="backend.tests.test_manual_consumption.TestUpdatePackingWithManualConsumption" name="test_update_packing_with_semi_finished_consumed" time="0.622" /><testcase classname="backend.tests.test_manual_consumption.TestAdminOnlyRestrictions" name="test_activity_logs_admin_access" time="0.860" /><testcase classname="backend.tests.test_manual_consumption.TestAdminOnlyRestrictions" name="test_activity_logs_non_admin_forbidden" time="1.193" /><testcase classname="backend.tests.test_manual_consumption.TestAdminOnlyRestrictions" name="test_activity_logs_categories_non_admin_forbidden" time="1.180" /><testcase classname="backend.tests.test_manual_consumption.TestAdminOnlyRestrictions" name="test_wastage_summary_accessible_to_all" time="1.183" /><testcase classname="backend.tests.test_manual_consumption.TestFixedRatioPacking" name="test_fixed_ratio_packing_without_semi_finished_consumed" time="0.646" /></testsuite></testsuites>