<?xml version="1.0" encoding="utf-8"?><testsuites name="pytest tests"><testsuite name="pytest" errors="0" failures="0" skipped="0" tests="20" time="13.735" timestamp="2026-03-23T18:06:53.949165+00:00" hostname="agent-env-21d3260b-52a5-41a7-9abd-c3841187fb81"><testcase classname="backend.tests.test_milk_wastage.TestMilkWastageAuth" name="test_admin_login" time="0.451" /><testcase classname="backend.tests.test_milk_wastage.TestMilkWastageAuth" name="test_viewer_login" time="0.367" /><testcase classname="backend.tests.test_milk_wastage.TestMilkWastageAuth" name="test_modify_login" time="0.335" /><testcase classname="backend.tests.test_milk_wastage.TestMilkWastageCRUD" name="test_get_wastage_list" time="0.380" /><testcase classname="backend.tests.test_milk_wastage.TestMilkWastageCRUD" name="test_create_wastage_all_fields" time="0.492" /><testcase classname="backend.tests.test_milk_wastage.TestMilkWastageCRUD" name="test_create_wastage_qty_only" time="0.445" /><testcase classname="backend.tests.test_milk_wastage.TestMilkWastageCRUD" name="test_create_wastage_fat_only" time="0.470" /><testcase classname="backend.tests.test_milk_wastage.TestMilkWastageCRUD" name="test_create_wastage_snf_only" time="0.586" /><testcase classname="backend.tests.test_milk_wastage.TestMilkWastageCRUD" name="test_update_wastage" time="0.517" /><testcase classname="backend.tests.test_milk_wastage.TestMilkWastageCRUD" name="test_delete_wastage_admin" time="0.570" /><testcase classname="backend.tests.test_milk_wastage.TestMilkWastageRBAC" name="test_viewer_can_read_wastage" time="1.071" /><testcase classname="backend.tests.test_milk_wastage.TestMilkWastageRBAC" name="test_viewer_cannot_create_wastage" time="1.087" /><testcase classname="backend.tests.test_milk_wastage.TestMilkWastageRBAC" name="test_viewer_cannot_update_wastage" time="1.080" /><testcase classname="backend.tests.test_milk_wastage.TestMilkWastageRBAC" name="test_viewer_cannot_delete_wastage" time="1.134" /><testcase classname="backend.tests.test_milk_wastage.TestMilkWastageRBAC" name="test_modify_user_can_create_wastage" time="1.084" /><testcase classname="backend.tests.test_milk_wastage.TestMilkWastageRBAC" name="test_modify_user_can_update_wastage" time="1.035" /><testcase classname="backend.tests.test_milk_wastage.TestMilkWastageRBAC" name="test_modify_user_cannot_delete_wastage" time="1.085" /><testcase classname="backend.tests.test_milk_wastage.TestMilkTSReportWithWastage" name="test_ts_report_has_total_wastage" time="0.446" /><testcase classname="backend.tests.test_milk_wastage.TestMilkTSReportWithWastage" name="test_ts_report_daily_summary_has_wastage" time="0.629" /><testcase classname="backend.tests.test_milk_wastage.TestMilkTSReportWithWastage" name="test_closing_formula_with_wastage" time="0.376" /></testsuite></testsuites>