<?xml version="1.0" encoding="utf-8"?><testsuites name="pytest tests"><testsuite name="pytest" errors="0" failures="6" skipped="5" tests="17" time="3.448" timestamp="2026-03-27T05:51:13.409058+00:00" hostname="agent-env-5947d2b2-2daf-4b7a-8e82-9ce84faa3840"><testcase classname="tests.test_receive_repack_features.TestBatchAdditionalCosts" name="test_create_batch_with_additional_costs" time="0.884"><failure message="AssertionError: Expected additional_costs_total=800, got 0.0&#10;assert 0.0 == 800">tests/test_receive_repack_features.py:90: in test_create_batch_with_additional_costs
    assert batch['additional_costs_total'] == 800, f"Expected additional_costs_total=800, got {batch['additional_costs_total']}"
E   AssertionError: Expected additional_costs_total=800, got 0.0
E   assert 0.0 == 800</failure></testcase><testcase classname="tests.test_receive_repack_features.TestBatchAdditionalCosts" name="test_get_batch_with_additional_costs" time="0.000"><skipped type="pytest.skip" message="No test batch created">/app/backend/tests/test_receive_repack_features.py:111: No test batch created</skipped></testcase><testcase classname="tests.test_receive_repack_features.TestBatchAdditionalCosts" name="test_cleanup_batch" time="0.000" /><testcase classname="tests.test_receive_repack_features.TestFinishedProductReceive" name="test_get_finished_product_masters" time="0.437" /><testcase classname="tests.test_receive_repack_features.TestFinishedProductReceive" name="test_create_receive_entry" time="0.222"><failure message="AssertionError: Expected 1 finished_product with source='receive', found 0&#10;assert 0 == 1&#10; +  where 0 = len([])">tests/test_receive_repack_features.py:182: in test_create_receive_entry
    assert len(receive_fp) == 1, f"Expected 1 finished_product with source='receive', found {len(receive_fp)}"
E   AssertionError: Expected 1 finished_product with source='receive', found 0
E   assert 0 == 1
E    +  where 0 = len([])</failure></testcase><testcase classname="tests.test_receive_repack_features.TestFinishedProductReceive" name="test_list_receives" time="0.098" /><testcase classname="tests.test_receive_repack_features.TestFinishedProductReceive" name="test_delete_receive_entry" time="0.336" /><testcase classname="tests.test_receive_repack_features.TestFinishedProductRepack" name="test_setup_stock_for_repack" time="0.421"><skipped type="pytest.skip" message="Need at least 2 finished product masters for repack testing">/app/backend/tests/test_receive_repack_features.py:231: Need at least 2 finished product masters for repack testing</skipped></testcase><testcase classname="tests.test_receive_repack_features.TestFinishedProductRepack" name="test_create_repack_entry" time="0.000"><skipped type="pytest.skip" message="No source SKU available">/app/backend/tests/test_receive_repack_features.py:256: No source SKU available</skipped></testcase><testcase classname="tests.test_receive_repack_features.TestFinishedProductRepack" name="test_list_repacks" time="0.101"><failure message="AssertionError: Test repack entry not found in list&#10;assert 0 &gt;= 1&#10; +  where 0 = len([])">tests/test_receive_repack_features.py:309: in test_list_repacks
    assert len(test_repacks) &gt;= 1, "Test repack entry not found in list"
E   AssertionError: Test repack entry not found in list
E   assert 0 &gt;= 1
E    +  where 0 = len([])</failure></testcase><testcase classname="tests.test_receive_repack_features.TestFinishedProductRepack" name="test_delete_repack_entry" time="0.000"><skipped type="pytest.skip" message="No test repack to delete">/app/backend/tests/test_receive_repack_features.py:315: No test repack to delete</skipped></testcase><testcase classname="tests.test_receive_repack_features.TestFinishedProductRepack" name="test_cleanup_setup_receive" time="0.000" /><testcase classname="tests.test_receive_repack_features.TestFinishedLedger" name="test_setup_ledger_data" time="0.444"><skipped type="pytest.skip" message="Need at least 2 finished product masters for ledger testing">/app/backend/tests/test_receive_repack_features.py:344: Need at least 2 finished product masters for ledger testing</skipped></testcase><testcase classname="tests.test_receive_repack_features.TestFinishedLedger" name="test_ledger_includes_receive_type" time="0.102"><failure message="AttributeError: type object 'TestFinishedLedger' has no attribute 'source_sku'">tests/test_receive_repack_features.py:385: in test_ledger_includes_receive_type
    source_ledger = [l for l in ledger if l['sku'] == self.__class__.source_sku]
                    ^^^^^^^^^^^^^^^^^^^^^^^^^^^^^^^^^^^^^^^^^^^^^^^^^^^^^^^^^^^^
tests/test_receive_repack_features.py:385: in &lt;listcomp&gt;
    source_ledger = [l for l in ledger if l['sku'] == self.__class__.source_sku]
                                                      ^^^^^^^^^^^^^^^^^^^^^^^^^
E   AttributeError: type object 'TestFinishedLedger' has no attribute 'source_sku'</failure></testcase><testcase classname="tests.test_receive_repack_features.TestFinishedLedger" name="test_ledger_includes_repack_out_type" time="0.107"><failure message="AttributeError: type object 'TestFinishedLedger' has no attribute 'source_sku'">tests/test_receive_repack_features.py:398: in test_ledger_includes_repack_out_type
    source_ledger = [l for l in ledger if l['sku'] == self.__class__.source_sku]
                    ^^^^^^^^^^^^^^^^^^^^^^^^^^^^^^^^^^^^^^^^^^^^^^^^^^^^^^^^^^^^
tests/test_receive_repack_features.py:398: in &lt;listcomp&gt;
    source_ledger = [l for l in ledger if l['sku'] == self.__class__.source_sku]
                                                      ^^^^^^^^^^^^^^^^^^^^^^^^^
E   AttributeError: type object 'TestFinishedLedger' has no attribute 'source_sku'</failure></testcase><testcase classname="tests.test_receive_repack_features.TestFinishedLedger" name="test_ledger_includes_repack_type" time="0.103"><failure message="AttributeError: type object 'TestFinishedLedger' has no attribute 'target_sku'">tests/test_receive_repack_features.py:410: in test_ledger_includes_repack_type
    target_ledger = [l for l in ledger if l['sku'] == self.__class__.target_sku]
                    ^^^^^^^^^^^^^^^^^^^^^^^^^^^^^^^^^^^^^^^^^^^^^^^^^^^^^^^^^^^^
tests/test_receive_repack_features.py:410: in &lt;listcomp&gt;
    target_ledger = [l for l in ledger if l['sku'] == self.__class__.target_sku]
                                                      ^^^^^^^^^^^^^^^^^^^^^^^^^
E   AttributeError: type object 'TestFinishedLedger' has no attribute 'target_sku'</failure></testcase><testcase classname="tests.test_receive_repack_features.TestFinishedLedger" name="test_cleanup_ledger_data" time="0.000" /></testsuite></testsuites>