<?xml version="1.0" encoding="utf-8"?><testsuites name="pytest tests"><testsuite name="pytest" errors="0" failures="0" skipped="0" tests="8" time="1.752" timestamp="2026-03-24T03:05:05.632733+00:00" hostname="agent-env-e0d8a113-6fc6-43c5-9379-bc69fb95fd1c"><testcase classname="backend.tests.test_raw_material_stock_fixes.TestMultiplePurchasesSameDay" name="test_add_first_purchase_for_smp" time="0.572" /><testcase classname="backend.tests.test_raw_material_stock_fixes.TestMultiplePurchasesSameDay" name="test_add_second_purchase_same_day_no_error" time="0.114" /><testcase classname="backend.tests.test_raw_material_stock_fixes.TestMultiplePurchasesSameDay" name="test_add_third_purchase_same_day" time="0.116" /><testcase classname="backend.tests.test_raw_material_stock_fixes.TestLedgerEntryId" name="test_ledger_has_entry_id_for_purchases" time="0.114" /><testcase classname="backend.tests.test_raw_material_stock_fixes.TestLedgerEntryId" name="test_batch_usage_no_entry_id" time="0.116" /><testcase classname="backend.tests.test_raw_material_stock_fixes.TestPurchaseEditDelete" name="test_create_and_edit_purchase" time="0.163" /><testcase classname="backend.tests.test_raw_material_stock_fixes.TestPurchaseEditDelete" name="test_create_and_delete_purchase" time="0.194" /><testcase classname="backend.tests.test_raw_material_stock_fixes.TestCleanup" name="test_cleanup_test_purchases" time="0.308" /></testsuite></testsuites>