<?xml version="1.0" encoding="utf-8"?><testsuites name="pytest tests"><testsuite name="pytest" errors="0" failures="0" skipped="0" tests="11" time="2.492" timestamp="2026-03-27T06:02:52.924916+00:00" hostname="agent-env-5947d2b2-2daf-4b7a-8e82-9ce84faa3840"><testcase classname="backend.tests.test_book_wastage_features.TestBookWastageFeature" name="test_get_finished_product_masters" time="0.578" /><testcase classname="backend.tests.test_book_wastage_features.TestBookWastageFeature" name="test_check_current_stock" time="0.163" /><testcase classname="backend.tests.test_book_wastage_features.TestBookWastageFeature" name="test_setup_stock_if_needed" time="0.000" /><testcase classname="backend.tests.test_book_wastage_features.TestBookWastageFeature" name="test_create_wastage_entry" time="0.215" /><testcase classname="backend.tests.test_book_wastage_features.TestBookWastageFeature" name="test_list_wastages" time="0.104" /><testcase classname="backend.tests.test_book_wastage_features.TestBookWastageFeature" name="test_wastage_insufficient_stock" time="0.098" /><testcase classname="backend.tests.test_book_wastage_features.TestBookWastageFeature" name="test_ledger_includes_book_wastage_type" time="0.106" /><testcase classname="backend.tests.test_book_wastage_features.TestBookWastageFeature" name="test_delete_wastage_entry" time="0.323" /><testcase classname="backend.tests.test_book_wastage_features.TestBookWastageFeature" name="test_cleanup_setup_receive" time="0.000" /><testcase classname="backend.tests.test_book_wastage_features.TestWastageRBACAndValidation" name="test_wastage_requires_valid_sku" time="0.436" /><testcase classname="backend.tests.test_book_wastage_features.TestWastageRBACAndValidation" name="test_delete_wastage_admin_only" time="0.403" /></testsuite></testsuites>