<?xml version="1.0" encoding="utf-8"?><testsuites name="pytest tests"><testsuite name="pytest" errors="0" failures="0" skipped="0" tests="23" time="15.550" timestamp="2026-03-23T17:27:57.235130+00:00" hostname="agent-env-21d3260b-52a5-41a7-9abd-c3841187fb81"><testcase classname="backend.tests.test_milk_ts_rbac.TestAuth" name="test_admin_login" time="0.370" /><testcase classname="backend.tests.test_milk_ts_rbac.TestAuth" name="test_viewer_login" time="0.334" /><testcase classname="backend.tests.test_milk_ts_rbac.TestAuth" name="test_modify_login" time="0.334" /><testcase classname="backend.tests.test_milk_ts_rbac.TestMilkStockCRUD" name="test_get_milk_stock_list" time="0.453" /><testcase classname="backend.tests.test_milk_ts_rbac.TestMilkStockCRUD" name="test_create_milk_stock" time="0.664" /><testcase classname="backend.tests.test_milk_ts_rbac.TestMilkStockCRUD" name="test_update_milk_stock" time="0.678" /><testcase classname="backend.tests.test_milk_ts_rbac.TestMilkStockCRUD" name="test_delete_milk_stock" time="0.672" /><testcase classname="backend.tests.test_milk_ts_rbac.TestMilkTSReport" name="test_get_milk_ts_report" time="0.440" /><testcase classname="backend.tests.test_milk_ts_rbac.TestMilkTSReport" name="test_milk_ts_report_with_date_filter" time="0.526" /><testcase classname="backend.tests.test_milk_ts_rbac.TestMilkTSReport" name="test_milk_ts_report_daily_summary_structure" time="0.517" /><testcase classname="backend.tests.test_milk_ts_rbac.TestMilkTSReport" name="test_milk_ts_closing_calculation" time="0.503" /><testcase classname="backend.tests.test_milk_ts_rbac.TestRBACViewUser" name="test_viewer_can_read_milk_stock" time="0.583" /><testcase classname="backend.tests.test_milk_ts_rbac.TestRBACViewUser" name="test_viewer_cannot_create_milk_stock" time="0.466" /><testcase classname="backend.tests.test_milk_ts_rbac.TestRBACViewUser" name="test_viewer_cannot_update_milk_stock" time="0.937" /><testcase classname="backend.tests.test_milk_ts_rbac.TestRBACViewUser" name="test_viewer_cannot_delete_milk_stock" time="0.874" /><testcase classname="backend.tests.test_milk_ts_rbac.TestRBACViewUser" name="test_viewer_cannot_create_batch" time="0.423" /><testcase classname="backend.tests.test_milk_ts_rbac.TestRBACModifyUser" name="test_modify_can_create_milk_stock" time="0.991" /><testcase classname="backend.tests.test_milk_ts_rbac.TestRBACModifyUser" name="test_modify_can_update_milk_stock" time="1.122" /><testcase classname="backend.tests.test_milk_ts_rbac.TestRBACModifyUser" name="test_modify_cannot_delete_milk_stock" time="1.879" /><testcase classname="backend.tests.test_milk_ts_rbac.TestRBACModifyUser" name="test_modify_cannot_delete_batch" time="0.886" /><testcase classname="backend.tests.test_milk_ts_rbac.TestRBACAdminUser" name="test_admin_can_create_milk_stock" time="0.547" /><testcase classname="backend.tests.test_milk_ts_rbac.TestRBACAdminUser" name="test_admin_can_update_milk_stock" time="0.714" /><testcase classname="backend.tests.test_milk_ts_rbac.TestRBACAdminUser" name="test_admin_can_delete_milk_stock" time="0.573" /></testsuite></testsuites>