<?xml version="1.0" encoding="utf-8"?><testsuites name="pytest tests"><testsuite name="pytest" errors="0" failures="0" skipped="0" tests="34" time="13.870" timestamp="2026-03-24T02:04:30.616647+00:00" hostname="agent-env-21d3260b-52a5-41a7-9abd-c3841187fb81"><testcase classname="backend.tests.test_all_crud.TestAuth" name="test_login_success" time="0.395" /><testcase classname="backend.tests.test_all_crud.TestRawMaterialMasterCRUD" name="test_create_raw_material_master" time="0.521" /><testcase classname="backend.tests.test_all_crud.TestRawMaterialMasterCRUD" name="test_read_raw_material_masters" time="0.141" /><testcase classname="backend.tests.test_all_crud.TestRawMaterialMasterCRUD" name="test_delete_raw_material_master" time="0.618" /><testcase classname="backend.tests.test_all_crud.TestSemiFinishedMasterCRUD" name="test_create_semi_finished_master" time="0.500" /><testcase classname="backend.tests.test_all_crud.TestSemiFinishedMasterCRUD" name="test_read_semi_finished_masters" time="0.120" /><testcase classname="backend.tests.test_all_crud.TestSemiFinishedMasterCRUD" name="test_update_semi_finished_master" time="0.331" /><testcase classname="backend.tests.test_all_crud.TestSemiFinishedMasterCRUD" name="test_delete_semi_finished_master" time="0.205" /><testcase classname="backend.tests.test_all_crud.TestFinishedProductMasterCRUD" name="test_create_finished_product_master" time="0.483" /><testcase classname="backend.tests.test_all_crud.TestFinishedProductMasterCRUD" name="test_read_finished_product_masters" time="0.132" /><testcase classname="backend.tests.test_all_crud.TestFinishedProductMasterCRUD" name="test_delete_finished_product_master" time="0.240" /><testcase classname="backend.tests.test_all_crud.TestPackingCRUD" name="test_get_packing_history" time="0.666" /><testcase classname="backend.tests.test_all_crud.TestPackingCRUD" name="test_create_packing_entry" time="0.410" /><testcase classname="backend.tests.test_all_crud.TestPackingCRUD" name="test_update_packing_entry" time="0.560" /><testcase classname="backend.tests.test_all_crud.TestPackingCRUD" name="test_delete_packing_entry_api" time="0.926" /><testcase classname="backend.tests.test_all_crud.TestDispatchCRUD" name="test_read_dispatches" time="0.602" /><testcase classname="backend.tests.test_all_crud.TestDispatchCRUD" name="test_create_dispatch" time="0.226" /><testcase classname="backend.tests.test_all_crud.TestDispatchCRUD" name="test_update_dispatch" time="0.302" /><testcase classname="backend.tests.test_all_crud.TestDispatchCRUD" name="test_delete_dispatch" time="0.328" /><testcase classname="backend.tests.test_all_crud.TestMilkStockCRUD" name="test_create_milk_stock" time="0.558" /><testcase classname="backend.tests.test_all_crud.TestMilkStockCRUD" name="test_read_milk_stock" time="0.134" /><testcase classname="backend.tests.test_all_crud.TestMilkStockCRUD" name="test_delete_milk_stock" time="0.290" /><testcase classname="backend.tests.test_all_crud.TestMilkAdjustmentCRUD" name="test_create_milk_adjustment_gain" time="0.482" /><testcase classname="backend.tests.test_all_crud.TestMilkAdjustmentCRUD" name="test_create_milk_adjustment_loss" time="0.116" /><testcase classname="backend.tests.test_all_crud.TestMilkAdjustmentCRUD" name="test_read_milk_adjustments" time="0.113" /><testcase classname="backend.tests.test_all_crud.TestMilkAdjustmentCRUD" name="test_delete_milk_adjustment" time="0.263" /><testcase classname="backend.tests.test_all_crud.TestRMAdjustmentCRUD" name="test_create_rm_adjustment_gain" time="0.577" /><testcase classname="backend.tests.test_all_crud.TestRMAdjustmentCRUD" name="test_create_rm_adjustment_loss" time="0.247" /><testcase classname="backend.tests.test_all_crud.TestRMAdjustmentCRUD" name="test_read_rm_adjustments" time="0.112" /><testcase classname="backend.tests.test_all_crud.TestRMAdjustmentCRUD" name="test_delete_rm_adjustment" time="0.377" /><testcase classname="backend.tests.test_all_crud.TestBatchCRUD" name="test_read_batches" time="0.515" /><testcase classname="backend.tests.test_all_crud.TestBatchCRUD" name="test_read_batches_with_date_filter" time="0.435" /><testcase classname="backend.tests.test_all_crud.TestRawMaterialStockCRUD" name="test_read_raw_material_stock" time="0.546" /><testcase classname="backend.tests.test_all_crud.TestCleanup" name="test_cleanup_test_data" time="1.302" /></testsuite></testsuites>