<?xml version="1.0" encoding="utf-8"?><testsuites name="pytest tests"><testsuite name="pytest" errors="0" failures="0" skipped="0" tests="19" time="7.895" timestamp="2026-03-23T18:36:36.374131+00:00" hostname="agent-env-21d3260b-52a5-41a7-9abd-c3841187fb81"><testcase classname="backend.tests.test_adjustment_features.TestMilkAdjustmentCRUD" name="test_create_milk_gain_adjustment" time="0.472" /><testcase classname="backend.tests.test_adjustment_features.TestMilkAdjustmentCRUD" name="test_create_milk_loss_adjustment" time="0.115" /><testcase classname="backend.tests.test_adjustment_features.TestMilkAdjustmentCRUD" name="test_get_milk_adjustments_sorted_by_date_desc" time="0.135" /><testcase classname="backend.tests.test_adjustment_features.TestMilkAdjustmentCRUD" name="test_update_milk_adjustment" time="0.210" /><testcase classname="backend.tests.test_adjustment_features.TestMilkAdjustmentCRUD" name="test_delete_milk_adjustment_admin_only" time="1.117" /><testcase classname="backend.tests.test_adjustment_features.TestMilkAdjustmentCRUD" name="test_viewer_cannot_create_adjustment" time="0.097" /><testcase classname="backend.tests.test_adjustment_features.TestMilkAdjustmentCRUD" name="test_modify_user_can_create_adjustment" time="0.131" /><testcase classname="backend.tests.test_adjustment_features.TestMilkTSReportWithAdjustments" name="test_milk_ts_report_includes_total_gain_and_loss" time="0.445" /><testcase classname="backend.tests.test_adjustment_features.TestMilkTSReportWithAdjustments" name="test_daily_summary_includes_gain_loss_fields" time="0.238" /><testcase classname="backend.tests.test_adjustment_features.TestMilkTSReportWithAdjustments" name="test_closing_calculation_with_adjustments" time="0.109" /><testcase classname="backend.tests.test_adjustment_features.TestRMAdjustmentCRUD" name="test_create_rm_gain_adjustment" time="0.428" /><testcase classname="backend.tests.test_adjustment_features.TestRMAdjustmentCRUD" name="test_create_rm_loss_adjustment" time="0.102" /><testcase classname="backend.tests.test_adjustment_features.TestRMAdjustmentCRUD" name="test_get_rm_adjustments_returns_list" time="0.132" /><testcase classname="backend.tests.test_adjustment_features.TestRMAdjustmentCRUD" name="test_update_rm_adjustment" time="0.235" /><testcase classname="backend.tests.test_adjustment_features.TestRMAdjustmentCRUD" name="test_delete_rm_adjustment_admin_only" time="1.172" /><testcase classname="backend.tests.test_adjustment_features.TestRMLedgerWithAdjustments" name="test_rm_ledger_includes_total_adjustment" time="0.461" /><testcase classname="backend.tests.test_adjustment_features.TestRMLedgerWithAdjustments" name="test_rm_ledger_transactions_include_adj_qty" time="0.130" /><testcase classname="backend.tests.test_adjustment_features.TestRMLedgerWithAdjustments" name="test_rm_ledger_closing_calculation" time="0.110" /><testcase classname="backend.tests.test_adjustment_features.TestCleanup" name="test_cleanup_test_adjustments" time="1.996" /></testsuite></testsuites>