<?xml version="1.0" encoding="utf-8"?><testsuites name="pytest tests"><testsuite name="pytest" errors="0" failures="0" skipped="0" tests="17" time="10.361" timestamp="2026-03-27T08:37:20.122011+00:00" hostname="agent-env-040badaa-5b8e-4fb1-b9dd-1df64daac901"><testcase classname="backend.tests.test_disable_user_and_refactoring.TestHealthAndBasicEndpoints" name="test_health_endpoint" time="0.208" /><testcase classname="backend.tests.test_disable_user_and_refactoring.TestHealthAndBasicEndpoints" name="test_admin_login" time="0.353" /><testcase classname="backend.tests.test_disable_user_and_refactoring.TestDisableUserFeature" name="test_get_users_returns_is_active_field" time="0.496" /><testcase classname="backend.tests.test_disable_user_and_refactoring.TestDisableUserFeature" name="test_toggle_status_disables_user" time="1.096" /><testcase classname="backend.tests.test_disable_user_and_refactoring.TestDisableUserFeature" name="test_disabled_user_cannot_login" time="1.323" /><testcase classname="backend.tests.test_disable_user_and_refactoring.TestDisableUserFeature" name="test_reenable_user_can_login" time="1.440" /><testcase classname="backend.tests.test_disable_user_and_refactoring.TestDisableUserFeature" name="test_cannot_disable_admin_account" time="0.623" /><testcase classname="backend.tests.test_disable_user_and_refactoring.TestRefactoredRoutes" name="test_dashboard_stats" time="0.475" /><testcase classname="backend.tests.test_disable_user_and_refactoring.TestRefactoredRoutes" name="test_batches_endpoint" time="0.469" /><testcase classname="backend.tests.test_disable_user_and_refactoring.TestRefactoredRoutes" name="test_finished_products_endpoint" time="0.483" /><testcase classname="backend.tests.test_disable_user_and_refactoring.TestRefactoredRoutes" name="test_dispatch_endpoint" time="0.473" /><testcase classname="backend.tests.test_disable_user_and_refactoring.TestRefactoredRoutes" name="test_milk_stock_endpoint" time="0.467" /><testcase classname="backend.tests.test_disable_user_and_refactoring.TestRefactoredRoutes" name="test_raw_material_master_endpoint" time="0.466" /><testcase classname="backend.tests.test_disable_user_and_refactoring.TestRefactoredRoutes" name="test_semi_finished_master_endpoint" time="0.464" /><testcase classname="backend.tests.test_disable_user_and_refactoring.TestRefactoredRoutes" name="test_finished_product_master_endpoint" time="0.463" /><testcase classname="backend.tests.test_disable_user_and_refactoring.TestRefactoredRoutes" name="test_wastage_loss_summary_endpoint" time="0.470" /><testcase classname="backend.tests.test_disable_user_and_refactoring.TestRefactoredRoutes" name="test_backup_history_endpoint" time="0.461" /></testsuite></testsuites>