<?xml version="1.0" encoding="utf-8"?><testsuites name="pytest tests"><testsuite name="pytest" errors="0" failures="0" skipped="0" tests="11" time="2.342" timestamp="2026-03-23T14:13:59.598807+00:00" hostname="agent-env-62dfb9b0-85a5-49eb-9b8d-af272a5a7277"><testcase classname="backend.tests.test_batch_dispatch_features.TestBatchQuantityProduced" name="test_get_batches_has_quantity_produced" time="0.519" /><testcase classname="backend.tests.test_batch_dispatch_features.TestBatchDateFilter" name="test_batch_filter_with_date_range" time="0.220" /><testcase classname="backend.tests.test_batch_dispatch_features.TestBatchDateFilter" name="test_batch_filter_start_date_only" time="0.122" /><testcase classname="backend.tests.test_batch_dispatch_features.TestFinishedProductFromBatch" name="test_dahi_400gm_pouch_in_finished_products" time="0.099" /><testcase classname="backend.tests.test_batch_dispatch_features.TestFinishedProductFromBatch" name="test_finished_products_summary_has_dahi" time="0.111" /><testcase classname="backend.tests.test_batch_dispatch_features.TestDispatchCRUD" name="test_get_all_dispatches" time="0.103" /><testcase classname="backend.tests.test_batch_dispatch_features.TestDispatchCRUD" name="test_create_dispatch_with_date" time="0.227" /><testcase classname="backend.tests.test_batch_dispatch_features.TestDispatchCRUD" name="test_update_dispatch" time="0.333" /><testcase classname="backend.tests.test_batch_dispatch_features.TestBatchDelete" name="test_delete_batch_requires_admin" time="0.219" /><testcase classname="backend.tests.test_batch_dispatch_features.TestDispatchDelete" name="test_delete_dispatch_requires_admin" time="0.111" /><testcase classname="backend.tests.test_batch_dispatch_features.TestBatchEdit" name="test_get_single_batch" time="0.229" /></testsuite></testsuites>