<?xml version="1.0" encoding="utf-8"?><testsuites name="pytest tests"><testsuite name="pytest" errors="0" failures="0" skipped="0" tests="10" time="6.357" timestamp="2026-03-27T08:58:10.336282+00:00" hostname="agent-env-040badaa-5b8e-4fb1-b9dd-1df64daac901"><testcase classname="backend.tests.test_activity_log.TestActivityLogAPI" name="test_get_activity_logs_returns_list" time="0.514" /><testcase classname="backend.tests.test_activity_log.TestActivityLogAPI" name="test_get_activity_logs_filter_by_username" time="0.398" /><testcase classname="backend.tests.test_activity_log.TestActivityLogAPI" name="test_get_activity_logs_filter_by_category" time="0.485" /><testcase classname="backend.tests.test_activity_log.TestActivityLogAPI" name="test_get_activity_logs_filter_by_action" time="0.417" /><testcase classname="backend.tests.test_activity_log.TestActivityLogAPI" name="test_get_activity_categories_returns_filter_options" time="0.400" /><testcase classname="backend.tests.test_activity_log.TestActivityLogAPI" name="test_login_creates_activity_log" time="1.193" /><testcase classname="backend.tests.test_activity_log.TestActivityLogAPI" name="test_activity_logs_require_authentication" time="0.530" /><testcase classname="backend.tests.test_activity_log.TestActivityLogIntegration" name="test_user_toggle_creates_activity_log" time="1.341" /><testcase classname="backend.tests.test_activity_log.TestActivityLogIntegration" name="test_activity_logs_sorted_by_timestamp_desc" time="0.417" /><testcase classname="backend.tests.test_activity_log.TestActivityLogIntegration" name="test_activity_logs_date_filter" time="0.549" /></testsuite></testsuites>