<?xml version="1.0" encoding="utf-8"?><testsuites name="pytest tests"><testsuite name="pytest" errors="0" failures="0" skipped="0" tests="6" time="2.770" timestamp="2026-04-19T09:41:32.382277+00:00" hostname="agent-env-8d53f5c5-0592-44b4-be3c-c825d32f6860"><testcase classname="backend.tests.test_rate_recalculation.TestAuthRegression" name="test_login_success" time="0.373" /><testcase classname="backend.tests.test_rate_recalculation.TestAuthRegression" name="test_login_invalid" time="0.325" /><testcase classname="backend.tests.test_rate_recalculation.TestRatesAll" name="test_get_all_rates" time="0.424" /><testcase classname="backend.tests.test_rate_recalculation.TestRateUpdateRecalc" name="test_update_latest_rate_updates_batch_cost" time="0.727" /><testcase classname="backend.tests.test_rate_recalculation.TestRateCreateRecalc" name="test_create_new_rate_closes_previous_and_recalculates" time="0.735" /><testcase classname="backend.tests.test_rate_recalculation.TestBatchCreationRegression" name="test_get_batches_ok" time="0.125" /></testsuite></testsuites>